Сборка начата 03.03.2023 11:50:29.
Уровень детализации журнала: Normal.     1>Проект "C:\Users\Леново\Desktop\лабы ОАиП\лаба 3\lab3_7\lab3_7.vcxproj" в узле 2 (целевые объекты Build).
     1>PrepareForBuild:
         Создание каталога "x64\Debug\lab3_7.tlog\".
       InitializeBuildStatus:
         Создание "x64\Debug\lab3_7.tlog\unsuccessfulbuild", так как было задано "AlwaysCreate".
       ClCompile:
         C:\Program Files\Microsoft Visual Studio\2022\Community\VC\Tools\MSVC\14.35.32215\bin\HostX64\x64\CL.exe /c /ZI /JMC /nologo /W3 /WX- /diagnostics:column /sdl /Od /D _DEBUG /D _CONSOLE /D _UNICODE /D UNICODE /Gm- /EHsc /RTC1 /MDd /GS /fp:precise /Zc:wchar_t /Zc:forScope /Zc:inline /permissive- /Fo"x64\Debug\\" /Fd"x64\Debug\vc143.pdb" /external:W3 /Gd /TP /FC /errorReport:prompt var6_1.cpp
         var6_1.cpp
     1>C:\Users\Леново\Desktop\лабы ОАиП\лаба 3\lab3_7\var6_1.cpp(33,8): warning C4101: summ: неиспользованная локальная переменная
       Link:
         C:\Program Files\Microsoft Visual Studio\2022\Community\VC\Tools\MSVC\14.35.32215\bin\HostX64\x64\link.exe /ERRORREPORT:PROMPT /OUT:"C:\Users\Леново\Desktop\лабы ОАиП\лаба 3\lab3\x64\Debug\lab3_7.exe" /INCREMENTAL /ILK:"x64\Debug\lab3_7.ilk" /NOLOGO kernel32.lib user32.lib gdi32.lib winspool.lib comdlg32.lib advapi32.lib shell32.lib ole32.lib oleaut32.lib uuid.lib odbc32.lib odbccp32.lib /MANIFEST /MANIFESTUAC:"level='asInvoker' uiAccess='false'" /manifest:embed /DEBUG /PDB:"C:\Users\Леново\Desktop\лабы ОАиП\лаба 3\lab3\x64\Debug\lab3_7.pdb" /SUBSYSTEM:CONSOLE /TLBID:1 /DYNAMICBASE /NXCOMPAT /IMPLIB:"C:\Users\Леново\Desktop\лабы ОАиП\лаба 3\lab3\x64\Debug\lab3_7.lib" /MACHINE:X64 x64\Debug\var6_1.obj
         lab3_7.vcxproj -> C:\Users\Леново\Desktop\лабы ОАиП\лаба 3\lab3\x64\Debug\lab3_7.exe
       FinalizeBuildStatus:
         Файл "x64\Debug\lab3_7.tlog\unsuccessfulbuild" удаляется.
         Обращение к "x64\Debug\lab3_7.tlog\lab3_7.lastbuildstate".
     1>Сборка проекта "C:\Users\Леново\Desktop\лабы ОАиП\лаба 3\lab3_7\lab3_7.vcxproj" завершена (целевые объекты Build).

Сборка успешно завершена.

       "C:\Users\Леново\Desktop\лабы ОАиП\лаба 3\lab3_7\lab3_7.vcxproj" (целевой объект Build ) (1) ->
       (Целевой объект ClCompile) -> 
         C:\Users\Леново\Desktop\лабы ОАиП\лаба 3\lab3_7\var6_1.cpp(33,8): warning C4101: summ: неиспользованная локальная переменная

    Предупреждений: 1
    Ошибок: 0

Прошло времени 00:00:02.16
