Сборка начата 03.03.2023 16:57:39.
Уровень детализации журнала: Normal.     1>Проект "C:\Users\Леново\Desktop\лабы ОАиП\лаба 3\lab3\lab3.vcxproj" в узле 2 (целевые объекты Build).
     1>InitializeBuildStatus:
         Обращение к "x64\Debug\lab3.tlog\unsuccessfulbuild".
       ClCompile:
         C:\Program Files\Microsoft Visual Studio\2022\Community\VC\Tools\MSVC\14.35.32215\bin\HostX64\x64\CL.exe /c /ZI /JMC /nologo /W3 /WX- /diagnostics:column /sdl /Od /D _DEBUG /D _CONSOLE /D _UNICODE /D UNICODE /Gm- /EHsc /RTC1 /MDd /GS /fp:precise /Zc:wchar_t /Zc:forScope /Zc:inline /permissive- /Fo"x64\Debug\\" /Fd"x64\Debug\vc143.pdb" /external:W3 /Gd /TP /FC /errorReport:prompt var14_1.cpp
         var14_1.cpp
     1>C:\Users\Леново\Desktop\лабы ОАиП\лаба 3\lab3\var14_1.cpp(16,6): error C4996: 'fopen': This function or variable may be unsafe. Consider using fopen_s instead. To disable deprecation, use _CRT_SECURE_NO_WARNINGS. See online help for details.
     1>C:\Users\Леново\Desktop\лабы ОАиП\лаба 3\lab3\var14_1.cpp(22,2): error C4996: 'fscanf': This function or variable may be unsafe. Consider using fscanf_s instead. To disable deprecation, use _CRT_SECURE_NO_WARNINGS. See online help for details.
     1>C:\Users\Леново\Desktop\лабы ОАиП\лаба 3\lab3\var14_1.cpp(27,4): error C4996: 'fscanf': This function or variable may be unsafe. Consider using fscanf_s instead. To disable deprecation, use _CRT_SECURE_NO_WARNINGS. See online help for details.
     1>C:\Users\Леново\Desktop\лабы ОАиП\лаба 3\lab3\var14_1.cpp(40,6): error C4996: 'fopen': This function or variable may be unsafe. Consider using fopen_s instead. To disable deprecation, use _CRT_SECURE_NO_WARNINGS. See online help for details.
     1>Сборка проекта "C:\Users\Леново\Desktop\лабы ОАиП\лаба 3\lab3\lab3.vcxproj" завершена (целевые объекты Build) с ошибкой.

Ошибка сборки.

       "C:\Users\Леново\Desktop\лабы ОАиП\лаба 3\lab3\lab3.vcxproj" (целевой объект Build ) (1) ->
       (Целевой объект ClCompile) -> 
         C:\Users\Леново\Desktop\лабы ОАиП\лаба 3\lab3\var14_1.cpp(16,6): error C4996: 'fopen': This function or variable may be unsafe. Consider using fopen_s instead. To disable deprecation, use _CRT_SECURE_NO_WARNINGS. See online help for details.
         C:\Users\Леново\Desktop\лабы ОАиП\лаба 3\lab3\var14_1.cpp(22,2): error C4996: 'fscanf': This function or variable may be unsafe. Consider using fscanf_s instead. To disable deprecation, use _CRT_SECURE_NO_WARNINGS. See online help for details.
         C:\Users\Леново\Desktop\лабы ОАиП\лаба 3\lab3\var14_1.cpp(27,4): error C4996: 'fscanf': This function or variable may be unsafe. Consider using fscanf_s instead. To disable deprecation, use _CRT_SECURE_NO_WARNINGS. See online help for details.
         C:\Users\Леново\Desktop\лабы ОАиП\лаба 3\lab3\var14_1.cpp(40,6): error C4996: 'fopen': This function or variable may be unsafe. Consider using fopen_s instead. To disable deprecation, use _CRT_SECURE_NO_WARNINGS. See online help for details.

    Предупреждений: 0
    Ошибок: 4

Прошло времени 00:00:01.45
