Сборка начата 03.03.2023 17:02:28.
Уровень детализации журнала: Normal.     1>Проект "C:\Users\Леново\Desktop\лабы ОАиП\лаба 4\lab4\lab4_2\lab4_2.vcxproj" в узле 2 (целевые объекты Build).
     1>InitializeBuildStatus:
         Создание "Debug\lab4_2.tlog\unsuccessfulbuild", так как было задано "AlwaysCreate".
       ClCompile:
         C:\Program Files\Microsoft Visual Studio\2022\Community\VC\Tools\MSVC\14.35.32215\bin\HostX86\x86\CL.exe /c /ZI /JMC /nologo /W3 /WX- /diagnostics:column /sdl /Od /Oy- /D WIN32 /D _DEBUG /D _CONSOLE /D _UNICODE /D UNICODE /Gm- /EHsc /RTC1 /MDd /GS /fp:precise /Zc:wchar_t /Zc:forScope /Zc:inline /permissive- /Fo"Debug\\" /Fd"Debug\vc143.pdb" /external:W3 /Gd /TP /analyze- /FC /errorReport:prompt var8_2.cpp
         var8_2.cpp
     1>C:\Users\Леново\Desktop\лабы ОАиП\лаба 4\lab4\lab4_2\var8_2.cpp(44,27): warning C4018: <: несоответствие типов со знаком и без знака
       Link:
         C:\Program Files\Microsoft Visual Studio\2022\Community\VC\Tools\MSVC\14.35.32215\bin\HostX86\x86\link.exe /ERRORREPORT:PROMPT /OUT:"C:\Users\Леново\Desktop\лабы ОАиП\лаба 4\lab4\Debug\lab4_2.exe" /INCREMENTAL /ILK:"Debug\lab4_2.ilk" /NOLOGO kernel32.lib user32.lib gdi32.lib winspool.lib comdlg32.lib advapi32.lib shell32.lib ole32.lib oleaut32.lib uuid.lib odbc32.lib odbccp32.lib /MANIFEST /MANIFESTUAC:"level='asInvoker' uiAccess='false'" /manifest:embed /DEBUG /PDB:"C:\Users\Леново\Desktop\лабы ОАиП\лаба 4\lab4\Debug\lab4_2.pdb" /SUBSYSTEM:CONSOLE /TLBID:1 /DYNAMICBASE /NXCOMPAT /IMPLIB:"C:\Users\Леново\Desktop\лабы ОАиП\лаба 4\lab4\Debug\lab4_2.lib" /MACHINE:X86 Debug\var8_2.obj
         lab4_2.vcxproj -> C:\Users\Леново\Desktop\лабы ОАиП\лаба 4\lab4\Debug\lab4_2.exe
       FinalizeBuildStatus:
         Файл "Debug\lab4_2.tlog\unsuccessfulbuild" удаляется.
         Обращение к "Debug\lab4_2.tlog\lab4_2.lastbuildstate".
     1>Сборка проекта "C:\Users\Леново\Desktop\лабы ОАиП\лаба 4\lab4\lab4_2\lab4_2.vcxproj" завершена (целевые объекты Build).

Сборка успешно завершена.

       "C:\Users\Леново\Desktop\лабы ОАиП\лаба 4\lab4\lab4_2\lab4_2.vcxproj" (целевой объект Build ) (1) ->
       (Целевой объект ClCompile) -> 
         C:\Users\Леново\Desktop\лабы ОАиП\лаба 4\lab4\lab4_2\var8_2.cpp(44,27): warning C4018: <: несоответствие типов со знаком и без знака

    Предупреждений: 1
    Ошибок: 0

Прошло времени 00:00:02.70
