Сборка начата 02.03.2023 23:33:16.
Уровень детализации журнала: Normal.     1>Проект "C:\Users\Леново\Desktop\лабы ОАиП\лаба 2\lab2_3\lab2_3.vcxproj" в узле 2 (целевые объекты Build).
     1>InitializeBuildStatus:
         Создание "Debug\lab2_3.tlog\unsuccessfulbuild", так как было задано "AlwaysCreate".
       ClCompile:
         C:\Program Files\Microsoft Visual Studio\2022\Community\VC\Tools\MSVC\14.35.32215\bin\HostX86\x86\CL.exe /c /ZI /JMC /nologo /W3 /WX- /diagnostics:column /sdl /Od /Oy- /D WIN32 /D _DEBUG /D _CONSOLE /D _UNICODE /D UNICODE /Gm- /EHsc /RTC1 /MDd /GS /fp:precise /Zc:wchar_t /Zc:forScope /Zc:inline /permissive- /Fo"Debug\\" /Fd"Debug\vc143.pdb" /external:W3 /Gd /TP /analyze- /FC /errorReport:prompt var1_1.cpp
         var1_1.cpp
     1>C:\Users\Леново\Desktop\лабы ОАиП\лаба 2\lab2_3\var1_1.cpp(117,30): warning C4018: <=: несоответствие типов со знаком и без знака
     1>C:\Users\Леново\Desktop\лабы ОАиП\лаба 2\lab2_3\var1_1.cpp(145,12): warning C4244: аргумент: преобразование "time_t" в "unsigned int", возможна потеря данных
       Link:
         C:\Program Files\Microsoft Visual Studio\2022\Community\VC\Tools\MSVC\14.35.32215\bin\HostX86\x86\link.exe /ERRORREPORT:PROMPT /OUT:"C:\Users\Леново\Desktop\лабы ОАиП\лаба 2\lab2\Debug\lab2_3.exe" /INCREMENTAL /ILK:"Debug\lab2_3.ilk" /NOLOGO kernel32.lib user32.lib gdi32.lib winspool.lib comdlg32.lib advapi32.lib shell32.lib ole32.lib oleaut32.lib uuid.lib odbc32.lib odbccp32.lib /MANIFEST /MANIFESTUAC:"level='asInvoker' uiAccess='false'" /manifest:embed /DEBUG /PDB:"C:\Users\Леново\Desktop\лабы ОАиП\лаба 2\lab2\Debug\lab2_3.pdb" /SUBSYSTEM:CONSOLE /TLBID:1 /DYNAMICBASE /NXCOMPAT /IMPLIB:"C:\Users\Леново\Desktop\лабы ОАиП\лаба 2\lab2\Debug\lab2_3.lib" /MACHINE:X86 Debug\var1_1.obj
         lab2_3.vcxproj -> C:\Users\Леново\Desktop\лабы ОАиП\лаба 2\lab2\Debug\lab2_3.exe
       FinalizeBuildStatus:
         Файл "Debug\lab2_3.tlog\unsuccessfulbuild" удаляется.
         Обращение к "Debug\lab2_3.tlog\lab2_3.lastbuildstate".
     1>Сборка проекта "C:\Users\Леново\Desktop\лабы ОАиП\лаба 2\lab2_3\lab2_3.vcxproj" завершена (целевые объекты Build).

Сборка успешно завершена.

       "C:\Users\Леново\Desktop\лабы ОАиП\лаба 2\lab2_3\lab2_3.vcxproj" (целевой объект Build ) (1) ->
       (Целевой объект ClCompile) -> 
         C:\Users\Леново\Desktop\лабы ОАиП\лаба 2\lab2_3\var1_1.cpp(117,30): warning C4018: <=: несоответствие типов со знаком и без знака
         C:\Users\Леново\Desktop\лабы ОАиП\лаба 2\lab2_3\var1_1.cpp(145,12): warning C4244: аргумент: преобразование "time_t" в "unsigned int", возможна потеря данных

    Предупреждений: 2
    Ошибок: 0

Прошло времени 00:00:02.93
