Сборка начата 14.04.2023 16:51:33.
Уровень детализации журнала: Normal.     1>Проект "C:\Users\Леново\Desktop\лабы ОАиП\лаба 12\lab12\lab12\lab12.vcxproj" в узле 2 (целевые объекты Build).
     1>InitializeBuildStatus:
         Обращение к "x64\Debug\lab12.tlog\unsuccessfulbuild".
       ClCompile:
         C:\Program Files\Microsoft Visual Studio\2022\Community\VC\Tools\MSVC\14.35.32215\bin\HostX64\x64\CL.exe /c /ZI /JMC /nologo /W3 /WX- /diagnostics:column /sdl /Od /D _DEBUG /D _CONSOLE /D _UNICODE /D UNICODE /Gm- /EHsc /RTC1 /MDd /GS /fp:precise /Zc:wchar_t /Zc:forScope /Zc:inline /permissive- /Fo"x64\Debug\\" /Fd"x64\Debug\vc143.pdb" /external:W3 /Gd /TP /FC /errorReport:prompt Heap.cpp
         Heap.cpp
     1>C:\Users\Леново\Desktop\лабы ОАиП\лаба 12\lab12\lab12\Heap.cpp(120,8): warning C4552: "+": результат выражения не используется
       Link:
         C:\Program Files\Microsoft Visual Studio\2022\Community\VC\Tools\MSVC\14.35.32215\bin\HostX64\x64\link.exe /ERRORREPORT:PROMPT /OUT:"C:\Users\Леново\Desktop\лабы ОАиП\лаба 12\lab12\x64\Debug\lab12.exe" /INCREMENTAL /ILK:"x64\Debug\lab12.ilk" /NOLOGO kernel32.lib user32.lib gdi32.lib winspool.lib comdlg32.lib advapi32.lib shell32.lib ole32.lib oleaut32.lib uuid.lib odbc32.lib odbccp32.lib /MANIFEST /MANIFESTUAC:"level='asInvoker' uiAccess='false'" /manifest:embed /DEBUG /PDB:"C:\Users\Леново\Desktop\лабы ОАиП\лаба 12\lab12\x64\Debug\lab12.pdb" /SUBSYSTEM:CONSOLE /TLBID:1 /DYNAMICBASE /NXCOMPAT /IMPLIB:"C:\Users\Леново\Desktop\лабы ОАиП\лаба 12\lab12\x64\Debug\lab12.lib" /MACHINE:X64 x64\Debug\Heap.obj
         x64\Debug\var8.obj
         lab12.vcxproj -> C:\Users\Леново\Desktop\лабы ОАиП\лаба 12\lab12\x64\Debug\lab12.exe
       FinalizeBuildStatus:
         Файл "x64\Debug\lab12.tlog\unsuccessfulbuild" удаляется.
         Обращение к "x64\Debug\lab12.tlog\lab12.lastbuildstate".
     1>Сборка проекта "C:\Users\Леново\Desktop\лабы ОАиП\лаба 12\lab12\lab12\lab12.vcxproj" завершена (целевые объекты Build).

Сборка успешно завершена.

       "C:\Users\Леново\Desktop\лабы ОАиП\лаба 12\lab12\lab12\lab12.vcxproj" (целевой объект Build ) (1) ->
       (Целевой объект ClCompile) -> 
         C:\Users\Леново\Desktop\лабы ОАиП\лаба 12\lab12\lab12\Heap.cpp(120,8): warning C4552: "+": результат выражения не используется

    Предупреждений: 1
    Ошибок: 0

Прошло времени 00:00:01.82
