Сборка начата 14.04.2023 0:14:54.
Уровень детализации журнала: Normal.     1>Проект "C:\Users\Леново\Desktop\лабы ОАиП\лаба 11\lab11\dop1\dop1.vcxproj" в узле 2 (целевые объекты Build).
     1>InitializeBuildStatus:
         Создание "x64\Debug\dop1.tlog\unsuccessfulbuild", так как было задано "AlwaysCreate".
       ClCompile:
         C:\Program Files\Microsoft Visual Studio\2022\Community\VC\Tools\MSVC\14.35.32215\bin\HostX64\x64\CL.exe /c /ZI /JMC /nologo /W3 /WX- /diagnostics:column /sdl /Od /D _DEBUG /D _CONSOLE /D _UNICODE /D UNICODE /Gm- /EHsc /RTC1 /MDd /GS /fp:precise /Zc:wchar_t /Zc:forScope /Zc:inline /permissive- /Fo"x64\Debug\\" /Fd"x64\Debug\vc143.pdb" /external:W3 /Gd /TP /FC /errorReport:prompt dop1.cpp
         dop1.cpp
     1>C:\Users\Леново\Desktop\лабы ОАиП\лаба 11\lab11\dop1\dop1.cpp(39,1): warning C4326: возвращаемый тип "main" должен быть "int", а не "void"
     1>C:\Users\Леново\Desktop\лабы ОАиП\лаба 11\lab11\dop1\dop1.cpp(43,8): warning C4101: rc: неиспользованная локальная переменная
     1>C:\Users\Леново\Desktop\лабы ОАиП\лаба 11\lab11\dop1\dop1.cpp(42,19): warning C4101: n: неиспользованная локальная переменная
       Link:
         C:\Program Files\Microsoft Visual Studio\2022\Community\VC\Tools\MSVC\14.35.32215\bin\HostX64\x64\link.exe /ERRORREPORT:PROMPT /OUT:"C:\Users\Леново\Desktop\лабы ОАиП\лаба 11\lab11\x64\Debug\dop1.exe" /INCREMENTAL /ILK:"x64\Debug\dop1.ilk" /NOLOGO kernel32.lib user32.lib gdi32.lib winspool.lib comdlg32.lib advapi32.lib shell32.lib ole32.lib oleaut32.lib uuid.lib odbc32.lib odbccp32.lib /MANIFEST /MANIFESTUAC:"level='asInvoker' uiAccess='false'" /manifest:embed /DEBUG /PDB:"C:\Users\Леново\Desktop\лабы ОАиП\лаба 11\lab11\x64\Debug\dop1.pdb" /SUBSYSTEM:CONSOLE /TLBID:1 /DYNAMICBASE /NXCOMPAT /IMPLIB:"C:\Users\Леново\Desktop\лабы ОАиП\лаба 11\lab11\x64\Debug\dop1.lib" /MACHINE:X64 x64\Debug\dop1.obj
         dop1.vcxproj -> C:\Users\Леново\Desktop\лабы ОАиП\лаба 11\lab11\x64\Debug\dop1.exe
       FinalizeBuildStatus:
         Файл "x64\Debug\dop1.tlog\unsuccessfulbuild" удаляется.
         Обращение к "x64\Debug\dop1.tlog\dop1.lastbuildstate".
     1>Сборка проекта "C:\Users\Леново\Desktop\лабы ОАиП\лаба 11\lab11\dop1\dop1.vcxproj" завершена (целевые объекты Build).

Сборка успешно завершена.

       "C:\Users\Леново\Desktop\лабы ОАиП\лаба 11\lab11\dop1\dop1.vcxproj" (целевой объект Build ) (1) ->
       (Целевой объект ClCompile) -> 
         C:\Users\Леново\Desktop\лабы ОАиП\лаба 11\lab11\dop1\dop1.cpp(39,1): warning C4326: возвращаемый тип "main" должен быть "int", а не "void"
         C:\Users\Леново\Desktop\лабы ОАиП\лаба 11\lab11\dop1\dop1.cpp(43,8): warning C4101: rc: неиспользованная локальная переменная
         C:\Users\Леново\Desktop\лабы ОАиП\лаба 11\lab11\dop1\dop1.cpp(42,19): warning C4101: n: неиспользованная локальная переменная

    Предупреждений: 3
    Ошибок: 0

Прошло времени 00:00:02.54
