Сборка начата 14.04.2023 0:03:24.
Уровень детализации журнала: Normal.     1>Проект "C:\Users\Леново\Desktop\лабы ОАиП\лаба 10\lab10\dop5\dop5.vcxproj" в узле 2 (целевые объекты Build).
     1>C:\Program Files\Microsoft Visual Studio\2022\Community\MSBuild\Microsoft\VC\v170\Microsoft.CppBuild.targets(517,5): warning MSB8028: промежуточный каталог (x64\Debug\) содержит файлы, которые используются совместно с другим проектом (dop5.vcxproj).  Это может привести к ошибкам очистки и перестроения.
     1>InitializeBuildStatus:
         Создание "x64\Debug\dop2.tlog\unsuccessfulbuild", так как было задано "AlwaysCreate".
       ClCompile:
         C:\Program Files\Microsoft Visual Studio\2022\Community\VC\Tools\MSVC\14.35.32215\bin\HostX64\x64\CL.exe /c /ZI /JMC /nologo /W3 /WX- /diagnostics:column /sdl /Od /D _DEBUG /D _CONSOLE /D _UNICODE /D UNICODE /Gm- /EHsc /RTC1 /MDd /GS /fp:precise /Zc:wchar_t /Zc:forScope /Zc:inline /permissive- /Fo"x64\Debug\\" /Fd"x64\Debug\vc143.pdb" /external:W3 /Gd /TP /FC /errorReport:prompt var12.cpp
         var12.cpp
     1>C:\Users\Леново\Desktop\лабы ОАиП\лаба 10\lab10\dop5\var12.cpp(24,1): warning C4326: возвращаемый тип "main" должен быть "int", а не "void"
     1>C:\Users\Леново\Desktop\лабы ОАиП\лаба 10\lab10\dop5\var12.cpp(26,19): warning C4101: n: неиспользованная локальная переменная
       Link:
         C:\Program Files\Microsoft Visual Studio\2022\Community\VC\Tools\MSVC\14.35.32215\bin\HostX64\x64\link.exe /ERRORREPORT:PROMPT /OUT:"C:\Users\Леново\Desktop\лабы ОАиП\лаба 10\lab10\x64\Debug\dop2.exe" /INCREMENTAL /ILK:"x64\Debug\dop2.ilk" /NOLOGO kernel32.lib user32.lib gdi32.lib winspool.lib comdlg32.lib advapi32.lib shell32.lib ole32.lib oleaut32.lib uuid.lib odbc32.lib odbccp32.lib /MANIFEST /MANIFESTUAC:"level='asInvoker' uiAccess='false'" /manifest:embed /DEBUG /PDB:"C:\Users\Леново\Desktop\лабы ОАиП\лаба 10\lab10\x64\Debug\dop2.pdb" /SUBSYSTEM:CONSOLE /TLBID:1 /DYNAMICBASE /NXCOMPAT /IMPLIB:"C:\Users\Леново\Desktop\лабы ОАиП\лаба 10\lab10\x64\Debug\dop2.lib" /MACHINE:X64 x64\Debug\var12.obj
         dop5.vcxproj -> C:\Users\Леново\Desktop\лабы ОАиП\лаба 10\lab10\x64\Debug\dop2.exe
       FinalizeBuildStatus:
         Файл "x64\Debug\dop2.tlog\unsuccessfulbuild" удаляется.
         Обращение к "x64\Debug\dop2.tlog\dop2.lastbuildstate".
     1>Сборка проекта "C:\Users\Леново\Desktop\лабы ОАиП\лаба 10\lab10\dop5\dop5.vcxproj" завершена (целевые объекты Build).

Сборка успешно завершена.

       "C:\Users\Леново\Desktop\лабы ОАиП\лаба 10\lab10\dop5\dop5.vcxproj" (целевой объект Build ) (1) ->
       (Целевой объект PrepareForBuild) -> 
         C:\Program Files\Microsoft Visual Studio\2022\Community\MSBuild\Microsoft\VC\v170\Microsoft.CppBuild.targets(517,5): warning MSB8028: промежуточный каталог (x64\Debug\) содержит файлы, которые используются совместно с другим проектом (dop5.vcxproj).  Это может привести к ошибкам очистки и перестроения.


       "C:\Users\Леново\Desktop\лабы ОАиП\лаба 10\lab10\dop5\dop5.vcxproj" (целевой объект Build ) (1) ->
       (Целевой объект ClCompile) -> 
         C:\Users\Леново\Desktop\лабы ОАиП\лаба 10\lab10\dop5\var12.cpp(24,1): warning C4326: возвращаемый тип "main" должен быть "int", а не "void"
         C:\Users\Леново\Desktop\лабы ОАиП\лаба 10\lab10\dop5\var12.cpp(26,19): warning C4101: n: неиспользованная локальная переменная

    Предупреждений: 3
    Ошибок: 0

Прошло времени 00:00:01.76
