Сборка начата 03.03.2023 16:56:27.
Уровень детализации журнала: Normal.     1>Проект "C:\Users\Леново\Desktop\лабы ОАиП\лаба 3\lab3_4\lab3_4.vcxproj" в узле 2 (целевые объекты Build).
     1>InitializeBuildStatus:
         Создание "x64\Debug\lab3_4.tlog\unsuccessfulbuild", так как было задано "AlwaysCreate".
       ClCompile:
         C:\Program Files\Microsoft Visual Studio\2022\Community\VC\Tools\MSVC\14.35.32215\bin\HostX64\x64\CL.exe /c /ZI /JMC /nologo /W3 /WX- /diagnostics:column /sdl /Od /D _DEBUG /D _CONSOLE /D _UNICODE /D UNICODE /Gm- /EHsc /RTC1 /MDd /GS /fp:precise /Zc:wchar_t /Zc:forScope /Zc:inline /permissive- /Fo"x64\Debug\\" /Fd"x64\Debug\vc143.pdb" /external:W3 /Gd /TP /FC /errorReport:prompt var8_2.cpp
         var8_2.cpp
     1>C:\Users\Леново\Desktop\лабы ОАиП\лаба 3\lab3_4\var8_2.cpp(11,15): warning C4244: аргумент: преобразование "time_t" в "unsigned int", возможна потеря данных
     1>C:\Users\Леново\Desktop\лабы ОАиП\лаба 3\lab3_4\var8_2.cpp(16,11): warning C4101: q: неиспользованная локальная переменная
     1>C:\Users\Леново\Desktop\лабы ОАиП\лаба 3\lab3_4\var8_2.cpp(15,11): warning C4101: g: неиспользованная локальная переменная
       Link:
         C:\Program Files\Microsoft Visual Studio\2022\Community\VC\Tools\MSVC\14.35.32215\bin\HostX64\x64\link.exe /ERRORREPORT:PROMPT /OUT:"C:\Users\Леново\Desktop\лабы ОАиП\лаба 3\lab3\x64\Debug\lab3_4.exe" /INCREMENTAL /ILK:"x64\Debug\lab3_4.ilk" /NOLOGO kernel32.lib user32.lib gdi32.lib winspool.lib comdlg32.lib advapi32.lib shell32.lib ole32.lib oleaut32.lib uuid.lib odbc32.lib odbccp32.lib /MANIFEST /MANIFESTUAC:"level='asInvoker' uiAccess='false'" /manifest:embed /DEBUG /PDB:"C:\Users\Леново\Desktop\лабы ОАиП\лаба 3\lab3\x64\Debug\lab3_4.pdb" /SUBSYSTEM:CONSOLE /TLBID:1 /DYNAMICBASE /NXCOMPAT /IMPLIB:"C:\Users\Леново\Desktop\лабы ОАиП\лаба 3\lab3\x64\Debug\lab3_4.lib" /MACHINE:X64 x64\Debug\var8_2.obj
         lab3_4.vcxproj -> C:\Users\Леново\Desktop\лабы ОАиП\лаба 3\lab3\x64\Debug\lab3_4.exe
       FinalizeBuildStatus:
         Файл "x64\Debug\lab3_4.tlog\unsuccessfulbuild" удаляется.
         Обращение к "x64\Debug\lab3_4.tlog\lab3_4.lastbuildstate".
     1>Сборка проекта "C:\Users\Леново\Desktop\лабы ОАиП\лаба 3\lab3_4\lab3_4.vcxproj" завершена (целевые объекты Build).

Сборка успешно завершена.

       "C:\Users\Леново\Desktop\лабы ОАиП\лаба 3\lab3_4\lab3_4.vcxproj" (целевой объект Build ) (1) ->
       (Целевой объект ClCompile) -> 
         C:\Users\Леново\Desktop\лабы ОАиП\лаба 3\lab3_4\var8_2.cpp(11,15): warning C4244: аргумент: преобразование "time_t" в "unsigned int", возможна потеря данных
         C:\Users\Леново\Desktop\лабы ОАиП\лаба 3\lab3_4\var8_2.cpp(16,11): warning C4101: q: неиспользованная локальная переменная
         C:\Users\Леново\Desktop\лабы ОАиП\лаба 3\lab3_4\var8_2.cpp(15,11): warning C4101: g: неиспользованная локальная переменная

    Предупреждений: 3
    Ошибок: 0

Прошло времени 00:00:01.82
